1703701943.709981 client started (60936): version 3.3a, socket /private/tmp/tmux-501/default, protocol 8
1703701943.710053 on Darwin 22.5.0 Darwin Kernel Version 22.5.0: Mon Apr 24 20:51:50 PDT 2023; root:xnu-8796.121.2~5/RELEASE_X86_64
1703701943.710755 using libevent 2.1.12-stable (select); utf8proc 2.8.0; ncurses 6.4
1703701943.710807 flags are 0x10010000
1703701943.710820 socket is /private/tmp/tmux-501/default
1703701943.710834 trying connect
1703701943.710901 add peer 0x7fb9c9831000: 6 (0x0)
1703701943.718204 sending message 100 to peer 0x7fb9c9831000 (4 bytes)
1703701943.718234 sending message 111 to peer 0x7fb9c9831000 (8 bytes)
1703701943.718243 sending message 101 to peer 0x7fb9c9831000 (16 bytes)
1703701943.718250 sending message 109 to peer 0x7fb9c9831000 (4 bytes)
1703701943.718257 sending message 102 to peer 0x7fb9c9831000 (13 bytes)
1703701943.718264 sending message 108 to peer 0x7fb9c9831000 (27 bytes)
1703701943.718271 sending message 112 to peer 0x7fb9c9831000 (70 bytes)
1703701943.718277 sending message 112 to peer 0x7fb9c9831000 (5 bytes)
1703701943.718284 sending message 112 to peer 0x7fb9c9831000 (5 bytes)
1703701943.718290 sending message 112 to peer 0x7fb9c9831000 (6 bytes)
1703701943.718297 sending message 112 to peer 0x7fb9c9831000 (6 bytes)
1703701943.718303 sending message 112 to peer 0x7fb9c9831000 (11 bytes)
1703701943.718310 sending message 112 to peer 0x7fb9c9831000 (10 bytes)
1703701943.718316 sending message 112 to peer 0x7fb9c9831000 (13 bytes)
1703701943.718323 sending message 112 to peer 0x7fb9c9831000 (13 bytes)
1703701943.718329 sending message 112 to peer 0x7fb9c9831000 (18 bytes)
1703701943.718336 sending message 112 to peer 0x7fb9c9831000 (11 bytes)
1703701943.718342 sending message 112 to peer 0x7fb9c9831000 (21 bytes)
1703701943.718349 sending message 112 to peer 0x7fb9c9831000 (13 bytes)
1703701943.718355 sending message 112 to peer 0x7fb9c9831000 (7 bytes)
1703701943.718362 sending message 112 to peer 0x7fb9c9831000 (13 bytes)
1703701943.718368 sending message 112 to peer 0x7fb9c9831000 (7 bytes)
1703701943.718374 sending message 112 to peer 0x7fb9c9831000 (13 bytes)
1703701943.718381 sending message 112 to peer 0x7fb9c9831000 (9 bytes)
1703701943.718387 sending message 112 to peer 0x7fb9c9831000 (21 bytes)
1703701943.718394 sending message 112 to peer 0x7fb9c9831000 (13 bytes)
1703701943.718400 sending message 112 to peer 0x7fb9c9831000 (8 bytes)
1703701943.718406 sending message 112 to peer 0x7fb9c9831000 (12 bytes)
1703701943.718413 sending message 112 to peer 0x7fb9c9831000 (13 bytes)
1703701943.718419 sending message 112 to peer 0x7fb9c9831000 (9 bytes)
1703701943.718426 sending message 112 to peer 0x7fb9c9831000 (9 bytes)
1703701943.718432 sending message 112 to peer 0x7fb9c9831000 (12 bytes)
1703701943.718439 sending message 112 to peer 0x7fb9c9831000 (8 bytes)
1703701943.718445 sending message 112 to peer 0x7fb9c9831000 (7 bytes)
1703701943.718451 sending message 112 to peer 0x7fb9c9831000 (7 bytes)
1703701943.718458 sending message 112 to peer 0x7fb9c9831000 (9 bytes)
1703701943.718464 sending message 112 to peer 0x7fb9c9831000 (13 bytes)
1703701943.718471 sending message 112 to peer 0x7fb9c9831000 (9 bytes)
1703701943.718477 sending message 112 to peer 0x7fb9c9831000 (15 bytes)
1703701943.718483 sending message 112 to peer 0x7fb9c9831000 (13 bytes)
1703701943.718490 sending message 112 to peer 0x7fb9c9831000 (12 bytes)
1703701943.718496 sending message 112 to peer 0x7fb9c9831000 (8 bytes)
1703701943.718503 sending message 112 to peer 0x7fb9c9831000 (14 bytes)
1703701943.718509 sending message 112 to peer 0x7fb9c9831000 (9 bytes)
1703701943.718516 sending message 112 to peer 0x7fb9c9831000 (10 bytes)
1703701943.718522 sending message 112 to peer 0x7fb9c9831000 (10 bytes)
1703701943.718528 sending message 112 to peer 0x7fb9c9831000 (10 bytes)
1703701943.718535 sending message 112 to peer 0x7fb9c9831000 (10 bytes)
1703701943.718541 sending message 112 to peer 0x7fb9c9831000 (11 bytes)
1703701943.718570 sending message 112 to peer 0x7fb9c9831000 (10 bytes)
1703701943.718577 sending message 112 to peer 0x7fb9c9831000 (8 bytes)
1703701943.718611 sending message 112 to peer 0x7fb9c9831000 (11 bytes)
1703701943.718616 sending message 112 to peer 0x7fb9c9831000 (11 bytes)
1703701943.718620 sending message 112 to peer 0x7fb9c9831000 (11 bytes)
1703701943.718624 sending message 112 to peer 0x7fb9c9831000 (8 bytes)
1703701943.718643 sending message 112 to peer 0x7fb9c9831000 (8 bytes)
1703701943.718647 sending message 112 to peer 0x7fb9c9831000 (8 bytes)
1703701943.718652 sending message 112 to peer 0x7fb9c9831000 (10 bytes)
1703701943.718669 sending message 112 to peer 0x7fb9c9831000 (10 bytes)
1703701943.718673 sending message 112 to peer 0x7fb9c9831000 (10 bytes)
1703701943.718678 sending message 112 to peer 0x7fb9c9831000 (10 bytes)
1703701943.718682 sending message 112 to peer 0x7fb9c9831000 (10 bytes)
1703701943.718701 sending message 112 to peer 0x7fb9c9831000 (11 bytes)
1703701943.718706 sending message 112 to peer 0x7fb9c9831000 (11 bytes)
1703701943.718725 sending message 112 to peer 0x7fb9c9831000 (10 bytes)
1703701943.718730 sending message 112 to peer 0x7fb9c9831000 (9 bytes)
1703701943.718735 sending message 112 to peer 0x7fb9c9831000 (9 bytes)
1703701943.718739 sending message 112 to peer 0x7fb9c9831000 (12 bytes)
1703701943.718743 sending message 112 to peer 0x7fb9c9831000 (9 bytes)
1703701943.718748 sending message 112 to peer 0x7fb9c9831000 (6 bytes)
1703701943.718752 sending message 112 to peer 0x7fb9c9831000 (13 bytes)
1703701943.718756 sending message 112 to peer 0x7fb9c9831000 (8 bytes)
1703701943.718761 sending message 112 to peer 0x7fb9c9831000 (15 bytes)
1703701943.718765 sending message 112 to peer 0x7fb9c9831000 (13 bytes)
1703701943.718769 sending message 112 to peer 0x7fb9c9831000 (70 bytes)
1703701943.718774 sending message 112 to peer 0x7fb9c9831000 (69 bytes)
1703701943.718778 sending message 112 to peer 0x7fb9c9831000 (10 bytes)
1703701943.718782 sending message 112 to peer 0x7fb9c9831000 (8 bytes)
1703701943.718787 sending message 112 to peer 0x7fb9c9831000 (15 bytes)
1703701943.718791 sending message 112 to peer 0x7fb9c9831000 (13 bytes)
1703701943.718795 sending message 112 to peer 0x7fb9c9831000 (10 bytes)
1703701943.718800 sending message 112 to peer 0x7fb9c9831000 (10 bytes)
1703701943.718804 sending message 112 to peer 0x7fb9c9831000 (5 bytes)
1703701943.718808 sending message 112 to peer 0x7fb9c9831000 (15 bytes)
1703701943.718814 sending message 104 to peer 0x7fb9c9831000 (0 bytes)
1703701943.718819 sending message 110 to peer 0x7fb9c9831000 (0 bytes)
1703701943.718823 sending message 107 to peer 0x7fb9c9831000 (4 bytes)
1703701943.718828 sending message 105 to peer 0x7fb9c9831000 (83 bytes)
1703701943.718832 sending message 105 to peer 0x7fb9c9831000 (63 bytes)
1703701943.718837 sending message 105 to peer 0x7fb9c9831000 (19 bytes)
1703701943.718841 sending message 105 to peer 0x7fb9c9831000 (34 bytes)
1703701943.718845 sending message 105 to peer 0x7fb9c9831000 (58 bytes)
1703701943.718849 sending message 105 to peer 0x7fb9c9831000 (20 bytes)
1703701943.718854 sending message 105 to peer 0x7fb9c9831000 (22 bytes)
1703701943.718858 sending message 105 to peer 0x7fb9c9831000 (75 bytes)
1703701943.718862 sending message 105 to peer 0x7fb9c9831000 (40 bytes)
1703701943.718866 sending message 105 to peer 0x7fb9c9831000 (25 bytes)
1703701943.718871 sending message 105 to peer 0x7fb9c9831000 (57 bytes)
1703701943.718875 sending message 105 to peer 0x7fb9c9831000 (20 bytes)
1703701943.718879 sending message 105 to peer 0x7fb9c9831000 (75 bytes)
1703701943.718883 sending message 105 to peer 0x7fb9c9831000 (31 bytes)
1703701943.718888 sending message 105 to peer 0x7fb9c9831000 (19 bytes)
1703701943.718892 sending message 105 to peer 0x7fb9c9831000 (21 bytes)
1703701943.718896 sending message 105 to peer 0x7fb9c9831000 (8 bytes)
1703701943.718900 sending message 105 to peer 0x7fb9c9831000 (25 bytes)
1703701943.718905 sending message 105 to peer 0x7fb9c9831000 (25 bytes)
1703701943.718909 sending message 105 to peer 0x7fb9c9831000 (16 bytes)
1703701943.718913 sending message 105 to peer 0x7fb9c9831000 (32 bytes)
1703701943.718928 sending message 105 to peer 0x7fb9c9831000 (54 bytes)
1703701943.718932 sending message 105 to peer 0x7fb9c9831000 (55 bytes)
1703701943.718937 sending message 105 to peer 0x7fb9c9831000 (16 bytes)
1703701943.718941 sending message 105 to peer 0x7fb9c9831000 (28 bytes)
1703701943.718945 sending message 105 to peer 0x7fb9c9831000 (64 bytes)
1703701943.718949 sending message 105 to peer 0x7fb9c9831000 (34 bytes)
1703701943.718954 sending message 105 to peer 0x7fb9c9831000 (11 bytes)
1703701943.718958 sending message 105 to peer 0x7fb9c9831000 (620 bytes)
1703701943.718963 sending message 105 to peer 0x7fb9c9831000 (31 bytes)
1703701943.718967 sending message 105 to peer 0x7fb9c9831000 (16 bytes)
1703701943.718971 sending message 105 to peer 0x7fb9c9831000 (24 bytes)
1703701943.718976 sending message 105 to peer 0x7fb9c9831000 (15 bytes)
1703701943.718980 sending message 105 to peer 0x7fb9c9831000 (8 bytes)
1703701943.718984 sending message 105 to peer 0x7fb9c9831000 (66 bytes)
1703701943.718989 sending message 105 to peer 0x7fb9c9831000 (21 bytes)
1703701943.718993 sending message 105 to peer 0x7fb9c9831000 (18 bytes)
1703701943.718997 sending message 105 to peer 0x7fb9c9831000 (26 bytes)
1703701943.719004 sending message 105 to peer 0x7fb9c9831000 (57 bytes)
1703701943.719008 sending message 105 to peer 0x7fb9c9831000 (43 bytes)
1703701943.719012 sending message 105 to peer 0x7fb9c9831000 (14 bytes)
1703701943.719017 sending message 105 to peer 0x7fb9c9831000 (55 bytes)
1703701943.719021 sending message 105 to peer 0x7fb9c9831000 (13 bytes)
1703701943.719025 sending message 105 to peer 0x7fb9c9831000 (18 bytes)
1703701943.719030 sending message 105 to peer 0x7fb9c9831000 (84 bytes)
1703701943.719034 sending message 105 to peer 0x7fb9c9831000 (74 bytes)
1703701943.719038 sending message 105 to peer 0x7fb9c9831000 (43 bytes)
1703701943.719042 sending message 105 to peer 0x7fb9c9831000 (14 bytes)
1703701943.719046 sending message 105 to peer 0x7fb9c9831000 (19 bytes)
1703701943.719051 sending message 105 to peer 0x7fb9c9831000 (30 bytes)
1703701943.719055 sending message 105 to peer 0x7fb9c9831000 (34 bytes)
1703701943.719059 sending message 105 to peer 0x7fb9c9831000 (38 bytes)
1703701943.719064 sending message 105 to peer 0x7fb9c9831000 (109 bytes)
1703701943.719091 sending message 105 to peer 0x7fb9c9831000 (17 bytes)
1703701943.719095 sending message 105 to peer 0x7fb9c9831000 (55 bytes)
1703701943.719100 sending message 105 to peer 0x7fb9c9831000 (22 bytes)
1703701943.719117 sending message 106 to peer 0x7fb9c9831000 (0 bytes)
1703701943.719213 sending message 200 to peer 0x7fb9c9831000 (4 bytes)
1703701943.719220 client loop enter
1703701943.719591 peer 0x7fb9c9831000 message 303
1703701943.719613 open write file 2 -
1703701943.719650 sending message 305 to peer 0x7fb9c9831000 (8 bytes)
1703701943.719667 write check file 2
1703701943.719752 peer 0x7fb9c9831000 message 304
1703701943.719760 write 58 to file 2
1703701943.719778 peer 0x7fb9c9831000 message 203
1703701943.719785 file 2 58 bytes left
1703701943.719800 write check file 2
1703701943.719805 client loop exit
